# JRE version: Java(TM) SE Runtime Environment (8.0_45-b15) (build 1.8.0_45-b15)
# Java VM: Java HotSpot(TM) 64-Bit Server VM (25.45-b02 mixed mode windows-amd64 compressed oops)
Heap:
 PSYoungGen      total 239616K, used 224907K [0x00000000eab00000, 0x00000000fe900000, 0x0000000100000000)
  eden space 218112K, 93% used [0x00000000eab00000,0x00000000f71a7ac8,0x00000000f8000000)
  from space 21504K, 99% used [0x00000000f8000000,0x00000000f94fb460,0x00000000f9500000)
  to   space 32768K, 0% used [0x00000000fc900000,0x00000000fc900000,0x00000000fe900000)
 ParOldGen       total 105984K, used 81174K [0x00000000c0000000, 0x00000000c6780000, 0x00000000eab00000)
  object space 105984K, 76% used [0x00000000c0000000,0x00000000c4f459d0,0x00000000c6780000)
 Metaspace       used 73386K, capacity 76942K, committed 77144K, reserved 1116160K
  class space    used 9964K, capacity 11272K, committed 11392K, reserved 1048576K
GC Heap History (10 events):
Event: 23.190 GC heap before
{Heap before GC invocations=21 (full 2):
 PSYoungGen      total 229376K, used 120105K [0x00000000eab00000, 0x00000000fa300000, 0x0000000100000000)
  eden space 220160K, 50% used [0x00000000eab00000,0x00000000f174e480,0x00000000f8200000)
  from space 9216K, 99% used [0x00000000f9180000,0x00000000f9a7c020,0x00000000f9a80000)
  to   space 15872K, 0% used [0x00000000f8200000,0x00000000f8200000,0x00000000f9180000)
 ParOldGen       total 57856K, used 36835K [0x00000000c0000000, 0x00000000c3880000, 0x00000000eab00000)
  object space 57856K, 63% used [0x00000000c0000000,0x00000000c23f8e20,0x00000000c3880000)
 Metaspace       used 46871K, capacity 48960K, committed 49112K, reserved 1091584K
  class space    used 6365K, capacity 7113K, committed 7168K, reserved 1048576K
Event: 23.234 GC heap after
Heap after GC invocations=21 (full 2):
 PSYoungGen      total 236032K, used 12685K [0x00000000eab00000, 0x00000000fa600000, 0x0000000100000000)
  eden space 220160K, 0% used [0x00000000eab00000,0x00000000eab00000,0x00000000f8200000)
  from space 15872K, 79% used [0x00000000f8200000,0x00000000f8e636e8,0x00000000f9180000)
  to   space 17408K, 0% used [0x00000000f9500000,0x00000000f9500000,0x00000000fa600000)
 ParOldGen       total 57856K, used 46021K [0x00000000c0000000, 0x00000000c3880000, 0x00000000eab00000)
  object space 57856K, 79% used [0x00000000c0000000,0x00000000c2cf1710,0x00000000c3880000)
 Metaspace       used 46871K, capacity 48960K, committed 49112K, reserved 1091584K
  class space    used 6365K, capacity 7113K, committed 7168K, reserved 1048576K
}
Event: 23.234 GC heap before
{Heap before GC invocations=22 (full 3):
 PSYoungGen      total 236032K, used 12685K [0x00000000eab00000, 0x00000000fa600000, 0x0000000100000000)
  eden space 220160K, 0% used [0x00000000eab00000,0x00000000eab00000,0x00000000f8200000)
  from space 15872K, 79% used [0x00000000f8200000,0x00000000f8e636e8,0x00000000f9180000)
  to   space 17408K, 0% used [0x00000000f9500000,0x00000000f9500000,0x00000000fa600000)
 ParOldGen       total 57856K, used 46021K [0x00000000c0000000, 0x00000000c3880000, 0x00000000eab00000)
  object space 57856K, 79% used [0x00000000c0000000,0x00000000c2cf1710,0x00000000c3880000)
 Metaspace       used 46871K, capacity 48960K, committed 49112K, reserved 1091584K
  class space    used 6365K, capacity 7113K, committed 7168K, reserved 1048576K
Event: 23.597 GC heap after
Heap after GC invocations=22 (full 3):
 PSYoungGen      total 236032K, used 0K [0x00000000eab00000, 0x00000000fa600000, 0x0000000100000000)
  eden space 220160K, 0% used [0x00000000eab00000,0x00000000eab00000,0x00000000f8200000)
  from space 15872K, 0% used [0x00000000f8200000,0x00000000f8200000,0x00000000f9180000)
  to   space 17408K, 0% used [0x00000000f9500000,0x00000000f9500000,0x00000000fa600000)
 ParOldGen       total 57856K, used 52277K [0x00000000c0000000, 0x00000000c3880000, 0x00000000eab00000)
  object space 57856K, 90% used [0x00000000c0000000,0x00000000c330d4b8,0x00000000c3880000)
 Metaspace       used 46790K, capacity 48732K, committed 49112K, reserved 1091584K
  class space    used 6349K, capacity 7045K, committed 7168K, reserved 1048576K
}
Event: 32.936 GC heap before
{Heap before GC invocations=23 (full 4):
 PSYoungGen      total 236032K, used 220160K [0x00000000eab00000, 0x00000000fa600000, 0x0000000100000000)
  eden space 220160K, 100% used [0x00000000eab00000,0x00000000f8200000,0x00000000f8200000)
  from space 15872K, 0% used [0x00000000f8200000,0x00000000f8200000,0x00000000f9180000)
  to   space 17408K, 0% used [0x00000000f9500000,0x00000000f9500000,0x00000000fa600000)
 ParOldGen       total 57856K, used 52277K [0x00000000c0000000, 0x00000000c3880000, 0x00000000eab00000)
  object space 57856K, 90% used [0x00000000c0000000,0x00000000c330d4b8,0x00000000c3880000)
 Metaspace       used 54311K, capacity 56716K, committed 56920K, reserved 1097728K
  class space    used 7389K, capacity 8275K, committed 8320K, reserved 1048576K
Event: 33.504 GC heap after
Heap after GC invocations=23 (full 4):
 PSYoungGen      total 236032K, used 12781K [0x00000000eab00000, 0x00000000fa600000, 0x0000000100000000)
  eden space 220160K, 5% used [0x00000000eab00000,0x00000000eb77b498,0x00000000f8200000)
  from space 15872K, 0% used [0x00000000f8200000,0x00000000f8200000,0x00000000f9180000)
  to   space 17408K, 0% used [0x00000000f9500000,0x00000000f9500000,0x00000000fa600000)
 ParOldGen       total 105984K, used 57777K [0x00000000c0000000, 0x00000000c6780000, 0x00000000eab00000)
  object space 105984K, 54% used [0x00000000c0000000,0x00000000c386c510,0x00000000c6780000)
 Metaspace       used 54311K, capacity 56716K, committed 56920K, reserved 1097728K
  class space    used 7389K, capacity 8275K, committed 8320K, reserved 1048576K
}
Event: 51.874 GC heap before
{Heap before GC invocations=24 (full 4):
 PSYoungGen      total 236032K, used 220160K [0x00000000eab00000, 0x00000000fa600000, 0x0000000100000000)
  eden space 220160K, 100% used [0x00000000eab00000,0x00000000f8200000,0x00000000f8200000)
  from space 15872K, 0% used [0x00000000f8200000,0x00000000f8200000,0x00000000f9180000)
  to   space 17408K, 0% used [0x00000000f9500000,0x00000000f9500000,0x00000000fa600000)
 ParOldGen       total 105984K, used 57777K [0x00000000c0000000, 0x00000000c6780000, 0x00000000eab00000)
  object space 105984K, 54% used [0x00000000c0000000,0x00000000c386c510,0x00000000c6780000)
 Metaspace       used 57915K, capacity 60472K, committed 60632K, reserved 1101824K
  class space    used 7919K, capacity 8873K, committed 8960K, reserved 1048576K
Event: 51.932 GC heap after
Heap after GC invocations=24 (full 4):
 PSYoungGen      total 235520K, used 17376K [0x00000000eab00000, 0x00000000fda00000, 0x0000000100000000)
  eden space 218112K, 0% used [0x00000000eab00000,0x00000000eab00000,0x00000000f8000000)
  from space 17408K, 99% used [0x00000000f9500000,0x00000000fa5f83b8,0x00000000fa600000)
  to   space 21504K, 0% used [0x00000000f8000000,0x00000000f8000000,0x00000000f9500000)
 ParOldGen       total 105984K, used 60957K [0x00000000c0000000, 0x00000000c6780000, 0x00000000eab00000)
  object space 105984K, 57% used [0x00000000c0000000,0x00000000c3b87698,0x00000000c6780000)
 Metaspace       used 57915K, capacity 60472K, committed 60632K, reserved 1101824K
  class space    used 7919K, capacity 8873K, committed 8960K, reserved 1048576K
}
Event: 1461.616 GC heap before
{Heap before GC invocations=25 (full 4):
 PSYoungGen      total 235520K, used 235488K [0x00000000eab00000, 0x00000000fda00000, 0x0000000100000000)
  eden space 218112K, 100% used [0x00000000eab00000,0x00000000f8000000,0x00000000f8000000)
  from space 17408K, 99% used [0x00000000f9500000,0x00000000fa5f83b8,0x00000000fa600000)
  to   space 21504K, 0% used [0x00000000f8000000,0x00000000f8000000,0x00000000f9500000)
 ParOldGen       total 105984K, used 60957K [0x00000000c0000000, 0x00000000c6780000, 0x00000000eab00000)
  object space 105984K, 57% used [0x00000000c0000000,0x00000000c3b87698,0x00000000c6780000)
 Metaspace       used 65909K, capacity 69090K, committed 69208K, reserved 1107968K
  class space    used 9067K, capacity 10275K, committed 10368K, reserved 1048576K
Event: 1472.053 GC heap after
Heap after GC invocations=25 (full 4):
 PSYoungGen      total 239616K, used 21485K [0x00000000eab00000, 0x00000000fe900000, 0x0000000100000000)
  eden space 218112K, 0% used [0x00000000eab00000,0x00000000eab00000,0x00000000f8000000)
  from space 21504K, 99% used [0x00000000f8000000,0x00000000f94fb460,0x00000000f9500000)
  to   space 32768K, 0% used [0x00000000fc900000,0x00000000fc900000,0x00000000fe900000)
 ParOldGen       total 105984K, used 81174K [0x00000000c0000000, 0x00000000c6780000, 0x00000000eab00000)
  object space 105984K, 76% used [0x00000000c0000000,0x00000000c4f459d0,0x00000000c6780000)
 Metaspace       used 65909K, capacity 69090K, committed 69208K, reserved 1107968K
  class space    used 9067K, capacity 10275K, committed 10368K, reserved 1048576K
}

